<?xml version="1.0" encoding="UTF-8"?>
<testng-results skipped="0" failed="0" ignored="1" total="5" passed="4">
  <reporter-output>
  </reporter-output>
  <suite name="Final-Score App running on Chrome Browser" duration-ms="158651" started-at="2017-12-16T16:52:34Z" finished-at="2017-12-16T16:55:13Z">
    <groups>
    </groups>
    <test name="Home Page" duration-ms="158651" started-at="2017-12-16T16:52:34Z" finished-at="2017-12-16T16:55:13Z">
      <class name="SearchTest">
        <test-method status="PASS" signature="setUp(boolean, java.lang.String, java.lang.String, java.lang.String, java.lang.String, java.lang.String, java.lang.String)[pri:0, instance:SearchTest@4b553d26]" name="setUp" is-config="true" duration-ms="22603" started-at="2017-12-16T11:53:25Z" finished-at="2017-12-16T11:53:47Z">
          <params>
            <param index="0">
              <value>
                <![CDATA[false]]>
              </value>
            </param>
            <param index="1">
              <value>
                <![CDATA[mdalam]]>
              </value>
            </param>
            <param index="2">
              <value>
                <![CDATA[39e9c692-c586-4dc5-8ef3-7d5399e8df4e555]]>
              </value>
            </param>
            <param index="3">
              <value>
                <![CDATA[https://www.final-score.com]]>
              </value>
            </param>
            <param index="4">
              <value>
                <![CDATA[windows]]>
              </value>
            </param>
            <param index="5">
              <value>
                <![CDATA[chrome]]>
              </value>
            </param>
            <param index="6">
              <value>
                <![CDATA[45.0]]>
              </value>
            </param>
          </params>
          <reporter-output>
          </reporter-output>
        </test-method> <!-- setUp -->
        <test-method status="PASS" signature="testSearch3()[pri:1, instance:SearchTest@4b553d26]" name="testSearch3" duration-ms="14440" started-at="2017-12-16T11:53:47Z" finished-at="2017-12-16T11:54:02Z">
          <reporter-output>
          </reporter-output>
        </test-method> <!-- testSearch3 -->
        <test-method status="PASS" signature="cleanUp()[pri:0, instance:SearchTest@4b553d26]" name="cleanUp" is-config="true" duration-ms="4119" started-at="2017-12-16T11:54:02Z" finished-at="2017-12-16T11:54:06Z">
          <reporter-output>
          </reporter-output>
        </test-method> <!-- cleanUp -->
        <test-method status="PASS" signature="setUp(boolean, java.lang.String, java.lang.String, java.lang.String, java.lang.String, java.lang.String, java.lang.String)[pri:0, instance:SearchTest@4b553d26]" name="setUp" is-config="true" duration-ms="19078" started-at="2017-12-16T11:54:06Z" finished-at="2017-12-16T11:54:25Z">
          <params>
            <param index="0">
              <value>
                <![CDATA[false]]>
              </value>
            </param>
            <param index="1">
              <value>
                <![CDATA[mdalam]]>
              </value>
            </param>
            <param index="2">
              <value>
                <![CDATA[39e9c692-c586-4dc5-8ef3-7d5399e8df4e555]]>
              </value>
            </param>
            <param index="3">
              <value>
                <![CDATA[https://www.final-score.com]]>
              </value>
            </param>
            <param index="4">
              <value>
                <![CDATA[windows]]>
              </value>
            </param>
            <param index="5">
              <value>
                <![CDATA[chrome]]>
              </value>
            </param>
            <param index="6">
              <value>
                <![CDATA[45.0]]>
              </value>
            </param>
          </params>
          <reporter-output>
          </reporter-output>
        </test-method> <!-- setUp -->
        <test-method status="PASS" signature="testSearch()[pri:2, instance:SearchTest@4b553d26]" name="testSearch" duration-ms="12084" started-at="2017-12-16T11:54:25Z" finished-at="2017-12-16T11:54:37Z">
          <reporter-output>
          </reporter-output>
        </test-method> <!-- testSearch -->
        <test-method status="PASS" signature="cleanUp()[pri:0, instance:SearchTest@4b553d26]" name="cleanUp" is-config="true" duration-ms="2764" started-at="2017-12-16T11:54:37Z" finished-at="2017-12-16T11:54:40Z">
          <reporter-output>
          </reporter-output>
        </test-method> <!-- cleanUp -->
        <test-method status="PASS" signature="setUp(boolean, java.lang.String, java.lang.String, java.lang.String, java.lang.String, java.lang.String, java.lang.String)[pri:0, instance:SearchTest@4b553d26]" name="setUp" is-config="true" duration-ms="18743" started-at="2017-12-16T11:54:40Z" finished-at="2017-12-16T11:54:59Z">
          <params>
            <param index="0">
              <value>
                <![CDATA[false]]>
              </value>
            </param>
            <param index="1">
              <value>
                <![CDATA[mdalam]]>
              </value>
            </param>
            <param index="2">
              <value>
                <![CDATA[39e9c692-c586-4dc5-8ef3-7d5399e8df4e555]]>
              </value>
            </param>
            <param index="3">
              <value>
                <![CDATA[https://www.final-score.com]]>
              </value>
            </param>
            <param index="4">
              <value>
                <![CDATA[windows]]>
              </value>
            </param>
            <param index="5">
              <value>
                <![CDATA[chrome]]>
              </value>
            </param>
            <param index="6">
              <value>
                <![CDATA[45.0]]>
              </value>
            </param>
          </params>
          <reporter-output>
          </reporter-output>
        </test-method> <!-- setUp -->
        <test-method status="PASS" signature="testSearch2()[pri:3, instance:SearchTest@4b553d26]" name="testSearch2" duration-ms="11218" started-at="2017-12-16T11:54:59Z" finished-at="2017-12-16T11:55:10Z">
          <reporter-output>
          </reporter-output>
        </test-method> <!-- testSearch2 -->
        <test-method status="PASS" signature="cleanUp()[pri:0, instance:SearchTest@4b553d26]" name="cleanUp" is-config="true" duration-ms="2937" started-at="2017-12-16T11:55:10Z" finished-at="2017-12-16T11:55:13Z">
          <reporter-output>
          </reporter-output>
        </test-method> <!-- cleanUp -->
      </class> <!-- SearchTest -->
      <class name="SignInTest">
        <test-method status="PASS" signature="setUp(boolean, java.lang.String, java.lang.String, java.lang.String, java.lang.String, java.lang.String, java.lang.String)[pri:0, instance:SignInTest@80503]" name="setUp" is-config="true" duration-ms="29239" started-at="2017-12-16T11:52:34Z" finished-at="2017-12-16T11:53:03Z">
          <params>
            <param index="0">
              <value>
                <![CDATA[false]]>
              </value>
            </param>
            <param index="1">
              <value>
                <![CDATA[mdalam]]>
              </value>
            </param>
            <param index="2">
              <value>
                <![CDATA[39e9c692-c586-4dc5-8ef3-7d5399e8df4e555]]>
              </value>
            </param>
            <param index="3">
              <value>
                <![CDATA[https://www.final-score.com]]>
              </value>
            </param>
            <param index="4">
              <value>
                <![CDATA[windows]]>
              </value>
            </param>
            <param index="5">
              <value>
                <![CDATA[chrome]]>
              </value>
            </param>
            <param index="6">
              <value>
                <![CDATA[45.0]]>
              </value>
            </param>
          </params>
          <reporter-output>
          </reporter-output>
        </test-method> <!-- setUp -->
        <test-method status="PASS" signature="testSignIn()[pri:1, instance:SignInTest@80503]" name="testSignIn" duration-ms="15810" started-at="2017-12-16T11:53:03Z" finished-at="2017-12-16T11:53:19Z">
          <reporter-output>
          </reporter-output>
        </test-method> <!-- testSignIn -->
        <test-method status="PASS" signature="cleanUp()[pri:0, instance:SignInTest@80503]" name="cleanUp" is-config="true" duration-ms="5486" started-at="2017-12-16T11:53:19Z" finished-at="2017-12-16T11:53:25Z">
          <reporter-output>
          </reporter-output>
        </test-method> <!-- cleanUp -->
      </class> <!-- SignInTest -->
    </test> <!-- Home Page -->
  </suite> <!-- Final-Score App running on Chrome Browser -->
</testng-results>
