<?xml version="1.0" encoding="UTF-8"?>
<!-- Generated by org.testng.reporters.JUnitXMLReporter -->
<testsuite hostname="LAPTOP-9FILEO4J" ignored="1" tests="4" failures="0" timestamp="16 Dec 2017 16:55:13 GMT" time="158.651" errors="0">
  <testcase name="testSignIn" time="15.81" classname="SignInTest"/>
  <testcase name="testSearch3" time="14.44" classname="SearchTest"/>
  <testcase name="testSearch" time="12.084" classname="SearchTest"/>
  <testcase name="testSearch2" time="11.218" classname="SearchTest"/>
  <testcase name="testSearch" time="0.0" classname="SignInTest">
    <ignored/>
  </testcase> <!-- testSearch -->
</testsuite>
